2025-11-06 19:20:09, SELF, v:1, k:poo@budega
2025-11-06 19:20:19, MOVE, v:1, k:poo@pula-pula, mode:PICK
2025-11-06 19:20:21, EXEC, v:1, k:poo@pula-pula, mode:FULL, rate:0, size:1
2025-11-06 19:20:24, MOVE, v:1, k:poo@pula-pula, mode:BACK
2025-11-06 19:31:23, MOVE, v:1, k:poo@budega, mode:PICK
2025-11-06 19:31:41, EXEC, v:1, k:poo@budega, mode:FULL, rate:0
2025-11-06 19:32:16, EXEC, v:1, k:poo@budega, mode:FULL, rate:0
2025-11-06 19:32:16, EXEC, v:1, k:poo@budega, mode:FULL, rate:0
2025-11-06 19:32:17, EXEC, v:1, k:poo@budega, mode:FULL, rate:0
2025-11-06 19:32:17, EXEC, v:1, k:poo@budega, mode:FULL, rate:0
2025-11-06 20:01:28, EXEC, v:1, k:poo@budega, mode:FULL, rate:0, size:7
2025-11-06 20:02:38, EXEC, v:1, k:poo@budega, mode:FULL, rate:0, size:9
2025-11-06 20:07:34, EXEC, v:1, k:poo@budega, mode:FULL, rate:0, size:13
2025-11-06 20:39:00, MOVE, v:1, k:poo@budega, mode:PICK
2025-11-06 20:39:01, EXEC, v:1, k:poo@budega, mode:FULL, rate:0, size:15
2025-11-06 20:39:04, MOVE, v:1, k:poo@budega, mode:BACK
2025-11-06 20:51:19, MOVE, v:1, k:poo@budega, mode:PICK
2025-11-06 20:51:20, EXEC, v:1, k:poo@budega, mode:FULL, rate:0
2025-11-06 21:13:14, EXEC, v:1, k:poo@budega, mode:FULL, rate:0
2025-11-06 21:13:18, MOVE, v:1, k:poo@budega, mode:BACK
2025-11-06 21:13:20, MOVE, v:1, k:poo@budega, mode:PICK
2025-11-06 21:13:20, EXEC, v:1, k:poo@budega, mode:FULL, rate:0, size:15
2025-11-06 21:13:21, EXEC, v:1, k:poo@budega, mode:FULL, rate:0
2025-11-06 21:13:22, MOVE, v:1, k:poo@budega, mode:BACK
2025-11-06 21:24:07, MOVE, v:1, k:poo@budega, mode:PICK
2025-11-06 21:24:08, EXEC, v:1, k:poo@budega, mode:FULL, rate:0
2025-11-06 21:24:09, MOVE, v:1, k:poo@budega, mode:BACK
2025-11-06 21:24:11, MOVE, v:1, k:poo@budega, mode:PICK
2025-11-06 21:35:30, EXEC, v:1, k:poo@budega, mode:FULL, rate:0
2025-11-06 21:35:31, EXEC, v:1, k:poo@budega, mode:FULL, rate:0
2025-11-06 21:35:32, MOVE, v:1, k:poo@budega, mode:BACK
2025-11-06 21:43:55, MOVE, v:1, k:poo@budega, mode:PICK
2025-11-06 21:43:56, EXEC, v:1, k:poo@budega, mode:FULL, rate:10, size:86
2025-11-06 21:43:57, EXEC, v:1, k:poo@budega, mode:FULL, rate:10
2025-11-06 21:44:16, EXEC, v:1, k:poo@budega, mode:FULL, rate:100, size:96
2025-11-06 21:44:30, MOVE, v:1, k:poo@budega, mode:BACK
2025-11-06 21:44:49, MOVE, v:1, k:poo@budega, mode:PICK
2025-11-06 21:44:51, EXEC, v:1, k:poo@budega, mode:FULL, rate:100
2025-11-06 21:44:51, MOVE, v:1, k:poo@budega, mode:BACK
